<?xml version="1.0" encoding="UTF-8"?>
<testng-results ignored="0" total="2" passed="2" failed="0" skipped="0">
  <reporter-output>
    <line>
      <![CDATA[Empty Chrome Browser is launched Successfully]]>
    </line>
    <line>
      <![CDATA[Browser Window is maximized]]>
    </line>
    <line>
      <![CDATA[Landed Succesfully to the Home Page of the application]]>
    </line>
    <line>
      <![CDATA[Landed Successfully to the Login Page of the Application]]>
    </line>
    <line>
      <![CDATA[Successfully clicked on Submit Button]]>
    </line>
    <line>
      <![CDATA[Landed Successfully to the DashBoard Page of the Application]]>
    </line>
    <line>
      <![CDATA[Successfully Updated the Admin profile]]>
    </line>
  </reporter-output>
  <suite started-at="2023-01-25T13:17:38 IST" name="Default suite" finished-at="2023-01-25T13:17:44 IST" duration-ms="5718">
    <groups>
    </groups>
    <test started-at="2023-01-25T13:17:38 IST" name="Default test" finished-at="2023-01-25T13:17:44 IST" duration-ms="5718">
      <class name="zoo_Module.TC_Zoo_002">
        <test-method is-config="true" signature="browserSetUp(java.lang.String)[pri:0, instance:zoo_Module.TC_Zoo_002@647e447]" started-at="2023-01-25T13:17:38 IST" name="browserSetUp" finished-at="2023-01-25T13:17:42 IST" duration-ms="3191" status="PASS">
          <params>
            <param index="0">
              <value>
                <![CDATA[chrome]]>
              </value>
            </param>
          </params>
          <reporter-output>
            <line>
              <![CDATA[Empty Chrome Browser is launched Successfully]]>
            </line>
            <line>
              <![CDATA[Browser Window is maximized]]>
            </line>
            <line>
              <![CDATA[Landed Succesfully to the Home Page of the application]]>
            </line>
          </reporter-output>
        </test-method> <!-- browserSetUp -->
        <test-method signature="login()[pri:1, instance:zoo_Module.TC_Zoo_002@647e447]" started-at="2023-01-25T13:17:42 IST" name="login" finished-at="2023-01-25T13:17:43 IST" duration-ms="1137" status="PASS">
          <reporter-output>
            <line>
              <![CDATA[Landed Successfully to the Login Page of the Application]]>
            </line>
            <line>
              <![CDATA[Successfully clicked on Submit Button]]>
            </line>
            <line>
              <![CDATA[Landed Successfully to the DashBoard Page of the Application]]>
            </line>
          </reporter-output>
        </test-method> <!-- login -->
        <test-method signature="updateProfile()[pri:2, instance:zoo_Module.TC_Zoo_002@647e447]" started-at="2023-01-25T13:17:43 IST" name="updateProfile" finished-at="2023-01-25T13:17:44 IST" duration-ms="1353" status="PASS">
          <reporter-output>
            <line>
              <![CDATA[Successfully Updated the Admin profile]]>
            </line>
          </reporter-output>
        </test-method> <!-- updateProfile -->
        <test-method is-config="true" signature="browserTermination()[pri:0, instance:zoo_Module.TC_Zoo_002@647e447]" started-at="2023-01-25T13:17:44 IST" name="browserTermination" finished-at="2023-01-25T13:17:44 IST" duration-ms="1" status="PASS">
          <reporter-output>
          </reporter-output>
        </test-method> <!-- browserTermination -->
      </class> <!-- zoo_Module.TC_Zoo_002 -->
    </test> <!-- Default test -->
  </suite> <!-- Default suite -->
</testng-results>
